Flow report for DecoderDemo
Mon Nov 14 21:56:51 2022
Quartus Prime Version 20.1.1 Build 720 11/11/2020 SJ Lite Edition


---------------------
; Table of Contents ;
---------------------
  1. Legal Notice
  2. Flow Summary
  3. Flow Settings
  4. Flow Non-Default Global Settings
  5. Flow Elapsed Time
  6. Flow OS Summary
  7. Flow Log
  8. Flow Messages
  9. Flow Suppressed Messages



----------------
; Legal Notice ;
----------------
Copyright (C) 2020  Intel Corporation. All rights reserved.
Your use of Intel Corporation's design tools, logic functions 
and other software and tools, and any partner logic 
functions, and any output files from any of the foregoing 
(including device programming or simulation files), and any 
associated documentation or information are expressly subject 
to the terms and conditions of the Intel Program License 
Subscription Agreement, the Intel Quartus Prime License Agreement,
the Intel FPGA IP License Agreement, or other applicable license
agreement, including, without limitation, that your use is for
the sole purpose of programming logic devices manufactured by
Intel and sold by Intel or its authorized distributors.  Please
refer to the applicable agreement for further details, at
https://fpgasoftware.intel.com/eula.



+----------------------------------------------------------------------------------+
; Flow Summary                                                                     ;
+------------------------------------+---------------------------------------------+
; Flow Status                        ; Successful - Mon Nov 14 21:56:51 2022       ;
; Quartus Prime Version              ; 20.1.1 Build 720 11/11/2020 SJ Lite Edition ;
; Revision Name                      ; DecoderDemo                                 ;
; Top-level Entity Name              ; Dec2_4                                      ;
; Family                             ; Cyclone IV E                                ;
; Total logic elements               ; 4 / 6,272 ( < 1 % )                         ;
;     Total combinational functions  ; 4 / 6,272 ( < 1 % )                         ;
;     Dedicated logic registers      ; 0 / 6,272 ( 0 % )                           ;
; Total registers                    ; 0                                           ;
; Total pins                         ; 8 / 92 ( 9 % )                              ;
; Total virtual pins                 ; 0                                           ;
; Total memory bits                  ; 0 / 276,480 ( 0 % )                         ;
; Embedded Multiplier 9-bit elements ; 0 / 30 ( 0 % )                              ;
; Total PLLs                         ; 0 / 2 ( 0 % )                               ;
; Device                             ; EP4CE6E22C6                                 ;
; Timing Models                      ; Final                                       ;
+------------------------------------+---------------------------------------------+


+-----------------------------------------+
; Flow Settings                           ;
+-------------------+---------------------+
; Option            ; Setting             ;
+-------------------+---------------------+
; Start date & time ; 11/14/2022 21:56:41 ;
; Main task         ; Compilation         ;
; Revision Name     ; DecoderDemo         ;
+-------------------+---------------------+


+------------------------------------------------------------------------------------------------------------------------------------------------+
; Flow Non-Default Global Settings                                                                                                               ;
+-------------------------------------+----------------------------------------+---------------+-------------+-----------------------------------+
; Assignment Name                     ; Value                                  ; Default Value ; Entity Name ; Section Id                        ;
+-------------------------------------+----------------------------------------+---------------+-------------+-----------------------------------+
; COMPILER_SIGNATURE_ID               ; 198516037997543.166846300130887        ; --            ; --          ; --                                ;
; EDA_GENERATE_FUNCTIONAL_NETLIST     ; Off                                    ; --            ; --          ; eda_board_design_timing           ;
; EDA_GENERATE_FUNCTIONAL_NETLIST     ; Off                                    ; --            ; --          ; eda_board_design_boundary_scan    ;
; EDA_GENERATE_FUNCTIONAL_NETLIST     ; Off                                    ; --            ; --          ; eda_board_design_signal_integrity ;
; EDA_GENERATE_FUNCTIONAL_NETLIST     ; Off                                    ; --            ; --          ; eda_board_design_symbol           ;
; EDA_OUTPUT_DATA_FORMAT              ; Vhdl                                   ; --            ; --          ; eda_simulation                    ;
; EDA_SIMULATION_TOOL                 ; ModelSim-Altera (VHDL)                 ; <None>        ; --          ; --                                ;
; EDA_TIME_SCALE                      ; 1 ps                                   ; --            ; --          ; eda_simulation                    ;
; PARTITION_COLOR                     ; -- (Not supported for targeted family) ; --            ; Dec2_4      ; Top                               ;
; PARTITION_FITTER_PRESERVATION_LEVEL ; -- (Not supported for targeted family) ; --            ; Dec2_4      ; Top                               ;
; PARTITION_NETLIST_TYPE              ; -- (Not supported for targeted family) ; --            ; Dec2_4      ; Top                               ;
; PROJECT_OUTPUT_DIRECTORY            ; output_files                           ; --            ; --          ; --                                ;
; TOP_LEVEL_ENTITY                    ; Dec2_4                                 ; DecoderDemo   ; --          ; --                                ;
+-------------------------------------+----------------------------------------+---------------+-------------+-----------------------------------+


+--------------------------------------------------------------------------------------------------------------------------+
; Flow Elapsed Time                                                                                                        ;
+----------------------+--------------+-------------------------+---------------------+------------------------------------+
; Module Name          ; Elapsed Time ; Average Processors Used ; Peak Virtual Memory ; Total CPU Time (on all processors) ;
+----------------------+--------------+-------------------------+---------------------+------------------------------------+
; Analysis & Synthesis ; 00:00:05     ; 1.0                     ; 395 MB              ; 00:00:13                           ;
; Fitter               ; 00:00:02     ; 1.0                     ; 942 MB              ; 00:00:02                           ;
; Assembler            ; 00:00:00     ; 1.0                     ; 352 MB              ; 00:00:00                           ;
; Timing Analyzer      ; 00:00:00     ; 1.0                     ; 465 MB              ; 00:00:01                           ;
; EDA Netlist Writer   ; 00:00:00     ; 1.0                     ; 600 MB              ; 00:00:00                           ;
; Total                ; 00:00:07     ; --                      ; --                  ; 00:00:16                           ;
+----------------------+--------------+-------------------------+---------------------+------------------------------------+


+----------------------------------------------------------------------------------------+
; Flow OS Summary                                                                        ;
+----------------------+------------------+----------------+------------+----------------+
; Module Name          ; Machine Hostname ; OS Name        ; OS Version ; Processor type ;
+----------------------+------------------+----------------+------------+----------------+
; Analysis & Synthesis ; rendlaptop       ; Ubuntu 22.04.1 ; 22         ; x86_64         ;
; Fitter               ; rendlaptop       ; Ubuntu 22.04.1 ; 22         ; x86_64         ;
; Assembler            ; rendlaptop       ; Ubuntu 22.04.1 ; 22         ; x86_64         ;
; Timing Analyzer      ; rendlaptop       ; Ubuntu 22.04.1 ; 22         ; x86_64         ;
; EDA Netlist Writer   ; rendlaptop       ; Ubuntu 22.04.1 ; 22         ; x86_64         ;
+----------------------+------------------+----------------+------------+----------------+


------------
; Flow Log ;
------------
quartus_map --read_settings_files=on --write_settings_files=off DecoderDemo -c DecoderDemo
quartus_fit --read_settings_files=off --write_settings_files=off DecoderDemo -c DecoderDemo
quartus_asm --read_settings_files=off --write_settings_files=off DecoderDemo -c DecoderDemo
quartus_sta DecoderDemo -c DecoderDemo
quartus_eda --read_settings_files=off --write_settings_files=off DecoderDemo -c DecoderDemo



